<?xml version="1.0" encoding="UTF-8"?>
<!-- Generated by org.testng.reporters.JUnitReportReporter -->
<testsuite skipped="0" hostname="sneha-PC" name="amazon.qa.testcases.CreateAccountPageTest" tests="3" failures="0" timestamp="20 Jun 2018 21:38:40 GMT" time="50.752" errors="0">
  <testcase name="CreateAccTest" time="17.938" classname="amazon.qa.testcases.CreateAccountPageTest"/>
  <testcase name="CreateAccTest" time="14.551" classname="amazon.qa.testcases.CreateAccountPageTest"/>
  <testcase name="CreateAccTest" time="18.263" classname="amazon.qa.testcases.CreateAccountPageTest"/>
</testsuite> <!-- amazon.qa.testcases.CreateAccountPageTest -->
