<?xml version="1.0" encoding="UTF-8"?>
<!-- Generated by org.testng.reporters.JUnitReportReporter -->
<testsuite skipped="0" hostname="sneha-PC" name="amazon.qa.testcases.PwdSignInPageTest" tests="1" failures="0" timestamp="21 Jun 2018 19:07:59 GMT" time="20.157" errors="0">
  <testcase name="pwdTest" time="20.157" classname="amazon.qa.testcases.PwdSignInPageTest"/>
</testsuite> <!-- amazon.qa.testcases.PwdSignInPageTest -->
