<?xml version="1.0" encoding="UTF-8"?>
<!-- Generated by org.testng.reporters.JUnitReportReporter -->
<testsuite skipped="0" hostname="sneha-PC" name="amazon.qa.testcases.HomePageTest" tests="3" failures="0" timestamp="21 Jun 2018 19:07:59 GMT" time="36.527" errors="0">
  <testcase name="AmazonLogoTest" time="10.662" classname="amazon.qa.testcases.HomePageTest"/>
  <testcase name="SigninTest" time="12.802" classname="amazon.qa.testcases.HomePageTest"/>
  <testcase name="GiftCardsTest" time="13.063" classname="amazon.qa.testcases.HomePageTest"/>
</testsuite> <!-- amazon.qa.testcases.HomePageTest -->
