<?xml version="1.0" encoding="UTF-8"?>
<!-- Generated by org.testng.reporters.JUnitReportReporter -->
<testsuite skipped="0" hostname="sneha-PC" name="amazon.qa.testcases.UserAccountPageTest" tests="1" failures="0" timestamp="21 Jun 2018 19:07:59 GMT" time="21.748" errors="0">
  <testcase name="UserAccntTest" time="21.748" classname="amazon.qa.testcases.UserAccountPageTest"/>
</testsuite> <!-- amazon.qa.testcases.UserAccountPageTest -->
