<?xml version="1.0" encoding="UTF-8"?>
<!-- Generated by org.testng.reporters.JUnitReportReporter -->
<testsuite skipped="0" hostname="sneha-PC" name="amazon.qa.testcases.EmailSignInPageTest" tests="2" failures="0" timestamp="21 Jun 2018 21:37:00 GMT" time="30.151" errors="0">
  <testcase name="emailTest" time="15.227" classname="amazon.qa.testcases.EmailSignInPageTest"/>
  <testcase name="createAccountPageTest" time="14.924" classname="amazon.qa.testcases.EmailSignInPageTest"/>
</testsuite> <!-- amazon.qa.testcases.EmailSignInPageTest -->
