<?xml version="1.0" encoding="UTF-8"?>
<!-- Generated by org.testng.reporters.JUnitReportReporter -->
<testsuite skipped="0" hostname="sneha-PC" name="amazon.qa.testcases.PwdSignInPageTest" tests="1" failures="0" timestamp="21 Jun 2018 21:37:00 GMT" time="22.253" errors="0">
  <testcase name="pwdTest" time="22.253" classname="amazon.qa.testcases.PwdSignInPageTest"/>
</testsuite> <!-- amazon.qa.testcases.PwdSignInPageTest -->
