<?xml version="1.0" encoding="UTF-8"?>
<!-- Generated by org.testng.reporters.JUnitReportReporter -->
<testsuite skipped="0" hostname="sneha-PC" name="amazon.qa.testcases.HomePageTest" tests="3" failures="0" timestamp="21 Jun 2018 21:37:00 GMT" time="43.785" errors="0">
  <testcase name="AmazonLogoTest" time="13.752" classname="amazon.qa.testcases.HomePageTest"/>
  <testcase name="SigninTest" time="15.435" classname="amazon.qa.testcases.HomePageTest"/>
  <testcase name="GiftCardsTest" time="14.598" classname="amazon.qa.testcases.HomePageTest"/>
</testsuite> <!-- amazon.qa.testcases.HomePageTest -->
