<?xml version="1.0" encoding="UTF-8"?>
<!-- Generated by org.testng.reporters.JUnitReportReporter -->
<testsuite skipped="0" hostname="sneha-PC" name="amazon.qa.testcases.UserAccountPageTest" tests="1" failures="0" timestamp="21 Jun 2018 21:37:00 GMT" time="19.612" errors="0">
  <testcase name="UserAccntTest" time="19.612" classname="amazon.qa.testcases.UserAccountPageTest"/>
</testsuite> <!-- amazon.qa.testcases.UserAccountPageTest -->
