<?xml version="1.0" encoding="UTF-8"?>
<!-- Generated by org.testng.reporters.JUnitReportReporter -->
<testsuite skipped="0" hostname="sneha-PC" name="amazon.qa.testcases.CreateAccountPageTest" tests="3" failures="0" timestamp="21 Jun 2018 21:37:00 GMT" time="47.319" errors="0">
  <testcase name="CreateAccTest" time="16.714" classname="amazon.qa.testcases.CreateAccountPageTest"/>
  <testcase name="CreateAccTest" time="15.144" classname="amazon.qa.testcases.CreateAccountPageTest"/>
  <testcase name="CreateAccTest" time="15.461" classname="amazon.qa.testcases.CreateAccountPageTest"/>
</testsuite> <!-- amazon.qa.testcases.CreateAccountPageTest -->
